[debug] [2023-05-31T17:41:12.742Z] ----------------------------------------------------------------------
[debug] [2023-05-31T17:41:12.745Z] Command:       C:\Program Files\nodejs\node.exe C:\Users\DELL\AppData\Roaming\npm\node_modules\firebase-tools\lib\bin\firebase.js emulators:start
[debug] [2023-05-31T17:41:12.746Z] CLI Version:   11.17.0
[debug] [2023-05-31T17:41:12.746Z] Platform:      win32
[debug] [2023-05-31T17:41:12.746Z] Node Version:  v16.16.0
[debug] [2023-05-31T17:41:12.748Z] Time:          Wed May 31 2023 23:11:12 GMT+0530 (India Standard Time)
[debug] [2023-05-31T17:41:12.748Z] ----------------------------------------------------------------------
[debug] 
[debug] [2023-05-31T17:41:12.900Z] > command requires scopes: ["email","openid","https://www.googleapis.com/auth/cloudplatformprojects.readonly","https://www.googleapis.com/auth/firebase","https://www.googleapis.com/auth/cloud-platform"]
[debug] [2023-05-31T17:41:12.901Z] > authorizing via signed-in user (arpitachandra1996@gmail.com)
[info] i  emulators: Starting emulators: functions {"metadata":{"emulator":{"name":"hub"},"message":"Starting emulators: functions"}}
[debug] [2023-05-31T17:41:12.942Z] [logging] Logging Emulator only supports listening on one address (127.0.0.1). Not listening on ::1
[warn] !  ui: Emulator UI unable to start on port 4000, starting on 4001 instead. {"metadata":{"emulator":{"name":"ui"},"message":"Emulator UI unable to start on port 4000, starting on 4001 instead."}}
[debug] [2023-05-31T17:41:12.957Z] assigned listening specs for emulators {"user":{"hub":[{"address":"127.0.0.1","family":"IPv4","port":4400},{"address":"::1","family":"IPv6","port":4400}],"logging":[{"address":"127.0.0.1","family":"IPv4","port":4500}],"ui":[{"address":"127.0.0.1","family":"IPv4","port":4001},{"address":"::1","family":"IPv6","port":4001}]},"metadata":{"message":"assigned listening specs for emulators"}}
[debug] [2023-05-31T17:41:13.023Z] [hub] writing locator at C:\Users\DELL\AppData\Local\Temp\hub-challenge-caded.json
[debug] [2023-05-31T17:41:13.098Z] [functions] Functions Emulator only supports listening on one address (127.0.0.1). Not listening on ::1
[debug] [2023-05-31T17:41:13.099Z] [eventarc] Eventarc Emulator only supports listening on one address (127.0.0.1). Not listening on ::1
[debug] [2023-05-31T17:41:13.099Z] late-assigned ports for functions and eventarc emulators {"user":{"hub":[{"address":"127.0.0.1","family":"IPv4","port":4400},{"address":"::1","family":"IPv6","port":4400}],"logging":[{"address":"127.0.0.1","family":"IPv4","port":4500}],"ui":[{"address":"127.0.0.1","family":"IPv4","port":4001},{"address":"::1","family":"IPv6","port":4001}],"functions":[{"address":"127.0.0.1","family":"IPv4","port":5001}],"eventarc":[{"address":"127.0.0.1","family":"IPv4","port":9299}]},"metadata":{"message":"late-assigned ports for functions and eventarc emulators"}}
[warn] !  functions: The following emulators are not running, calls to these services from the Functions emulator will affect production: auth, firestore, database, hosting, pubsub, storage {"metadata":{"emulator":{"name":"functions"},"message":"The following emulators are not running, calls to these services from the Functions emulator will affect production: \u001b[1mauth, firestore, database, hosting, pubsub, storage\u001b[22m"}}
[info] +  functions: Using node@16 from host. {"metadata":{"emulator":{"name":"functions"},"message":"Using node@16 from host."}}
[debug] [2023-05-31T17:41:13.206Z] defaultcredentials: writing to file C:\Users\DELL\AppData\Roaming\firebase\arpitachandra1996_gmail_com_application_default_credentials.json
[debug] [2023-05-31T17:41:13.218Z] Setting GAC to C:\Users\DELL\AppData\Roaming\firebase\arpitachandra1996_gmail_com_application_default_credentials.json {"metadata":{"emulator":{"name":"functions"},"message":"Setting GAC to C:\\Users\\DELL\\AppData\\Roaming\\firebase\\arpitachandra1996_gmail_com_application_default_credentials.json"}}
[debug] [2023-05-31T17:41:13.225Z] >>> [apiv2][query] GET https://firebase.googleapis.com/v1beta1/projects/challenge-caded/adminSdkConfig [none]
[debug] [2023-05-31T17:41:13.755Z] <<< [apiv2][status] GET https://firebase.googleapis.com/v1beta1/projects/challenge-caded/adminSdkConfig 200
[debug] [2023-05-31T17:41:13.756Z] <<< [apiv2][body] GET https://firebase.googleapis.com/v1beta1/projects/challenge-caded/adminSdkConfig {"projectId":"challenge-caded","storageBucket":"challenge-caded.appspot.com"}
[debug] [2023-05-31T17:41:13.886Z] Ignoring unsupported arg: auto_download {"metadata":{"emulator":{"name":"ui"},"message":"Ignoring unsupported arg: auto_download"}}
[debug] [2023-05-31T17:41:13.889Z] Ignoring unsupported arg: port {"metadata":{"emulator":{"name":"ui"},"message":"Ignoring unsupported arg: port"}}
[debug] [2023-05-31T17:41:13.890Z] Starting Emulator UI with command {"binary":"node","args":["C:\\Users\\DELL\\.cache\\firebase\\emulators\\ui-v1.11.1\\server\\server.js"],"optionalArgs":[],"joinArgs":false} {"metadata":{"emulator":{"name":"ui"},"message":"Starting Emulator UI with command {\"binary\":\"node\",\"args\":[\"C:\\\\Users\\\\DELL\\\\.cache\\\\firebase\\\\emulators\\\\ui-v1.11.1\\\\server\\\\server.js\"],\"optionalArgs\":[],\"joinArgs\":false}"}}
[info] i  ui: Emulator UI logging to ui-debug.log {"metadata":{"emulator":{"name":"ui"},"message":"Emulator UI logging to \u001b[1mui-debug.log\u001b[22m"}}
[debug] [2023-05-31T17:41:14.267Z] Web / API server started at 127.0.0.1:4001
 {"metadata":{"emulator":{"name":"ui"},"message":"Web / API server started at 127.0.0.1:4001\n"}}
[debug] [2023-05-31T17:41:14.268Z] Web / API server started at ::1:4001
 {"metadata":{"emulator":{"name":"ui"},"message":"Web / API server started at ::1:4001\n"}}
[info] i  functions: Watching "D:\FrontendProject\amzone-clone_reactjs\amazon-clone\functions" for Cloud Functions... {"metadata":{"emulator":{"name":"functions"},"message":"Watching \"D:\\FrontendProject\\amzone-clone_reactjs\\amazon-clone\\functions\" for Cloud Functions..."}}
[debug] [2023-05-31T17:41:14.531Z] Validating nodejs source
[debug] [2023-05-31T17:41:20.207Z] > [functions] package.json contents: {
  "name": "functions",
  "description": "Cloud Functions for Firebase",
  "scripts": {
    "lint": "eslint .",
    "serve": "firebase emulators:start --only functions",
    "shell": "firebase functions:shell",
    "start": "npm run shell",
    "deploy": "firebase deploy --only functions",
    "logs": "firebase functions:log"
  },
  "engines": {
    "node": "16"
  },
  "main": "index.js",
  "dependencies": {
    "firebase-admin": "^11.8.0",
    "firebase-functions": "^4.4.0"
  },
  "devDependencies": {
    "eslint": "^8.15.0",
    "eslint-config-google": "^0.14.0",
    "firebase-functions-test": "^3.1.0"
  },
  "private": true
}
[debug] [2023-05-31T17:41:20.208Z] Building nodejs source
[debug] [2023-05-31T17:41:20.208Z] Analyzing nodejs backend spec
[debug] [2023-05-31T17:41:20.211Z] Could not find functions.yaml. Must use http discovery
[debug] [2023-05-31T17:41:20.739Z] Serving at port 9005

[debug] [2023-05-31T17:41:21.371Z] Got response from /__/functions.yaml Failed to generate manifest from function source: ReferenceError: functions is not defined
[debug] [2023-05-31T17:41:21.377Z] Failed to parse functions.yamlincomplete explicit mapping pair; a key node is missed; or followed by a non-tabulated empty line at line 1, column 65:
     ...  function source: ReferenceError: functions is not defined
                                         ^ {"name":"YAMLException","reason":"incomplete explicit mapping pair; a key node is missed; or followed by a non-tabulated empty line","mark":{"name":null,"buffer":"Failed to generate manifest from function source: ReferenceError: functions is not defined\n\u0000","position":64,"line":0,"column":64},"message":"incomplete explicit mapping pair; a key node is missed; or followed by a non-tabulated empty line at line 1, column 65:\n     ...  function source: ReferenceError: functions is not defined\n                                         ^"}
[debug] [2023-05-31T17:41:21.383Z] shutdown requested via /__/quitquitquit

[error] !!  functions: Failed to load function definition from source: FirebaseError: Failed to load function definition from source: Failed to generate manifest from function source: ReferenceError: functions is not defined {"metadata":{"emulator":{"name":"functions"},"message":"Failed to load function definition from source: FirebaseError: Failed to load function definition from source: Failed to generate manifest from function source: ReferenceError: functions is not defined"}}
[info] 
┌─────────────────────────────────────────────────────────────┐
│ ✔  All emulators ready! It is now safe to connect your app. │
│ i  View Emulator UI at http://127.0.0.1:4001/               │
└─────────────────────────────────────────────────────────────┘

┌───────────┬────────────────┬─────────────────────────────────┐
│ Emulator  │ Host:Port      │ View in Emulator UI             │
├───────────┼────────────────┼─────────────────────────────────┤
│ Functions │ 127.0.0.1:5001 │ http://127.0.0.1:4001/functions │
└───────────┴────────────────┴─────────────────────────────────┘
  Emulator Hub running at 127.0.0.1:4400
  Other reserved ports: 4500

Issues? Report them at https://github.com/firebase/firebase-tools/issues and attach the *-debug.log files.
 
[debug] [2023-05-31T19:21:56.046Z] Received signal SIGHUP 1
